Arguments: 
  /Users/usu/.nodebrew/node/v10.13.0/bin/node /usr/local/Cellar/yarn/1.15.2/libexec/bin/yarn.js add -D cherio-httpcli

PATH: 
  /Users/usu/google-cloud-sdk/bin:/Users/usu/.nodebrew/current/bin:/Applications/MAMP/bin/php/php7.2.10/bin:/Users/usu/.pyenv/shims:/Users/usu/.rbenv/shims:/usr/local/Cellar/zplug/2.4.2/repos/zplug/zplug/bin:/usr/local/opt/zplug/bin:/usr/local/bin:/usr/bin:/bin:/usr/sbin:/sbin:/Library/Frameworks/Mono.framework/Versions/Current/Commands:/Users/usu/google-cloud-sdk/bin:/Users/usu/.nodebrew/current/bin:/Applications/MAMP/bin/php/php7.2.10/bin:/Users/usu/.pyenv/shims:/Users/usu/.rbenv/shims:/Applications/Visual Studio Code.app/Contents/Resources/app/bin/:/Users/usu/anaconda3/bin/:/Users/usu/.cargo/bin/:/Users/usu/.rbenv/bin:/Applications/Visual Studio Code.app/Contents/Resources/app/bin/:/Users/usu/anaconda3/bin/:/Users/usu/.cargo/bin/:/Applications/Visual Studio Code.app/Contents/Resources/app/bin/:/Users/usu/.rbenv/bin

Yarn version: 
  1.15.2

Node version: 
  10.13.0

Platform: 
  darwin x64

Trace: 
  Error: https://registry.yarnpkg.com/cherio-httpcli: Not found
      at Request.params.callback [as _callback] (/usr/local/Cellar/yarn/1.15.2/libexec/lib/cli.js:66058:18)
      at Request.self.callback (/usr/local/Cellar/yarn/1.15.2/libexec/lib/cli.js:129541:22)
      at Request.emit (events.js:182:13)
      at Request.<anonymous> (/usr/local/Cellar/yarn/1.15.2/libexec/lib/cli.js:130513:10)
      at Request.emit (events.js:182:13)
      at IncomingMessage.<anonymous> (/usr/local/Cellar/yarn/1.15.2/libexec/lib/cli.js:130435:12)
      at Object.onceWrapper (events.js:273:13)
      at IncomingMessage.emit (events.js:187:15)
      at endReadableNT (_stream_readable.js:1094:12)
      at process._tickCallback (internal/process/next_tick.js:63:19)

npm manifest: 
  No manifest

yarn manifest: 
  No manifest

Lockfile: 
  # THIS IS AN AUTOGENERATED FILE. DO NOT EDIT THIS FILE DIRECTLY.
  # yarn lockfile v1
